<?xml version="1.0" encoding="UTF-8"?>
<!-- Generated by org.testng.reporters.JUnitReportReporter -->
<testsuite hostname="EPPLWROW0082" failures="0" tests="1" name="XM.XM_Project.UserInteractionsTest" time="13.535" errors="0" timestamp="2022-07-28T20:53:18 CEST" skipped="0">
  <testcase classname="XM.XM_Project.UserInteractionsTest" name="UserInteractionsTesting" time="13.535"/>
  <system-out/>
</testsuite> <!-- XM.XM_Project.UserInteractionsTest -->
